
> deepsite-v2@0.1.0 dev
> next dev --turbopack --port 12000 --hostname 0.0.0.0

   ▲ Next.js 15.3.3 (Turbopack)
   - Local:        http://localhost:12000
   - Network:      http://0.0.0.0:12000
   - Environments: .env.local

 ✓ Starting...
 ✓ Compiled middleware in 271ms
 ✓ Ready in 1618ms
 ⚠ Webpack is configured while Turbopack is not, which may cause problems.
 ⚠ See instructions if you need to configure Turbopack:
  https://nextjs.org/docs/app/api-reference/next-config-js/turbo

 ○ Compiling /projects/new ...
 ✓ Compiled /projects/new in 8s
 GET /projects/new 200 in 9376ms
 ⚠ Cross origin request detected from work-1-rrmphmbheputfkjr.prod-runtime.all-hands.dev to /_next/* resource. In a future major version of Next.js, you will need to explicitly configure "allowedDevOrigins" in next.config to allow this.
Read more: https://nextjs.org/docs/app/api-reference/config/next-config-js/allowedDevOrigins
 ○ Compiling /api/ask-ai ...
 ✓ Compiled /api/ask-ai in 1154ms
 POST /api/ask-ai 200 in 23623ms
 ○ Compiling / ...
 ✓ Compiled / in 3.6s
 GET / 307 in 3721ms
 GET /projects/new 200 in 137ms
 POST /api/ask-ai 200 in 21826ms
